0 info it worked if it ends with ok
1 verbose cli [ '/usr/local/bin/node', '/usr/local/bin/npm', 'start' ]
2 info using npm@1.4.3
3 info using node@v0.10.26
4 verbose run-script [ 'prestart', 'start', 'poststart' ]
5 info prestart advanced_rich_internet_applications@0.0.0
6 info start advanced_rich_internet_applications@0.0.0
7 verbose unsafe-perm in lifecycle true
8 info advanced_rich_internet_applications@0.0.0 Failed to exec start script
9 error advanced_rich_internet_applications@0.0.0 start: `http-server -p 8000`
9 error Exit status 8
10 error Failed at the advanced_rich_internet_applications@0.0.0 start script.
10 error This is most likely a problem with the advanced_rich_internet_applications package,
10 error not with npm itself.
10 error Tell the author that this fails on your system:
10 error     http-server -p 8000
10 error You can get their info via:
10 error     npm owner ls advanced_rich_internet_applications
10 error There is likely additional logging output above.
11 error System Linux 3.2.0-61-generic
12 error command "/usr/local/bin/node" "/usr/local/bin/npm" "start"
13 error cwd /home/thomas/NCI Stuff/All_completed_projects/ariaca2/advanced_rich_internet_applications
14 error node -v v0.10.26
15 error npm -v 1.4.3
16 error code ELIFECYCLE
17 verbose exit [ 1, true ]
